Arguments: 
  C:\Program Files\nodejs\node.exe C:\Users\Cristinel\AppData\Roaming\npm\node_modules\yarn\bin\yarn.js babel-preset-react babel-preset-env

PATH: 
  C:\Users\Cristinel\bin;C:\Program Files\Git\mingw64\bin;C:\Program Files\Git\usr\local\bin;C:\Program Files\Git\usr\bin;C:\Program Files\Git\usr\bin;C:\Program Files\Git\mingw64\bin;C:\Program Files\Git\usr\bin;C:\Users\Cristinel\bin;C:\WINDOWS\system32;C:\WINDOWS;C:\WINDOWS\System32\Wbem;C:\WINDOWS\System32\WindowsPowerShell\v1.0;C:\Program Files\Git\cmd;C:\Program Files (x86)\Skype\Phone;C:\Program Files\Perforce;C:\xampp\php;C:\ProgramData\ComposerSetup\bin;C:\Program Files\MySQL\MySQL Utilities 1.6;C:\Program Files\nodejs;C:\Users\Cristinel\AppData\Local\Microsoft\WindowsApps;C:\Program Files (x86)\Microsoft VS Code\bin;C:\Users\Cristinel\AppData\Roaming\Composer\vendor\bin;C:\Users\Cristinel\AppData\Local\GitHubDesktop\bin;C:\Users\Cristinel\AppData\Local\Microsoft\WindowsApps;C:\Users\Cristinel\AppData\Roaming\npm;C:\Program Files\Git\usr\bin\vendor_perl;C:\Program Files\Git\usr\bin\core_perl

Yarn version: 
  1.5.1

Node version: 
  8.9.4

Platform: 
  win32 x64

npm manifest: 
  {
    "name": "indecision-app",
    "version": "1.0.0",
    "main": "index.js",
    "author": "Cristinel Ghioc",
    "license": "MIT"
  }

yarn manifest: 
  No manifest

Lockfile: 
  No lockfile

Trace: 
  Error: Command "babel-preset-react" not found.
      at new MessageError (C:\Users\Cristinel\AppData\Roaming\npm\node_modules\yarn\lib\cli.js:186:110)
      at C:\Users\Cristinel\AppData\Roaming\npm\node_modules\yarn\lib\cli.js:87307:17
      at Generator.next (<anonymous>)
      at step (C:\Users\Cristinel\AppData\Roaming\npm\node_modules\yarn\lib\cli.js:98:30)
      at C:\Users\Cristinel\AppData\Roaming\npm\node_modules\yarn\lib\cli.js:116:14
      at new Promise (<anonymous>)
      at new F (C:\Users\Cristinel\AppData\Roaming\npm\node_modules\yarn\lib\cli.js:23451:28)
      at C:\Users\Cristinel\AppData\Roaming\npm\node_modules\yarn\lib\cli.js:95:12
      at runCommand (C:\Users\Cristinel\AppData\Roaming\npm\node_modules\yarn\lib\cli.js:87312:22)
      at Object.<anonymous> (C:\Users\Cristinel\AppData\Roaming\npm\node_modules\yarn\lib\cli.js:87412:14)
